2022/11/13 19:43:19 [notice] 1#1: using the "epoll" event method
2022/11/13 19:43:19 [notice] 1#1: nginx/1.23.2
2022/11/13 19:43:19 [notice] 1#1: built by gcc 10.2.1 20210110 (Debian 10.2.1-6) 
2022/11/13 19:43:19 [notice] 1#1: OS: Linux 5.15.49-linuxkit
2022/11/13 19:43:19 [notice] 1#1: getrlimit(RLIMIT_NOFILE): 1048576:1048576
2022/11/13 19:43:19 [notice] 1#1: start worker processes
2022/11/13 19:43:19 [notice] 1#1: start worker process 28
2022/11/13 19:43:19 [notice] 1#1: start worker process 29
2022/11/13 19:43:19 [notice] 1#1: start worker process 30
2022/11/13 19:43:19 [notice] 1#1: start worker process 31
2022/11/13 19:44:21 [notice] 1#1: signal 3 (SIGQUIT) received, shutting down
2022/11/13 19:44:21 [notice] 29#29: gracefully shutting down
2022/11/13 19:44:21 [notice] 29#29: exiting
2022/11/13 19:44:21 [notice] 28#28: gracefully shutting down
2022/11/13 19:44:21 [notice] 31#31: gracefully shutting down
2022/11/13 19:44:21 [notice] 30#30: gracefully shutting down
2022/11/13 19:44:21 [notice] 30#30: exiting
2022/11/13 19:44:21 [notice] 29#29: exit
2022/11/13 19:44:21 [notice] 28#28: exiting
2022/11/13 19:44:21 [notice] 28#28: exit
2022/11/13 19:44:21 [notice] 31#31: exiting
2022/11/13 19:44:21 [notice] 30#30: exit
2022/11/13 19:44:21 [notice] 31#31: exit
2022/11/13 19:44:21 [notice] 1#1: signal 17 (SIGCHLD) received from 29
2022/11/13 19:44:21 [notice] 1#1: worker process 29 exited with code 0
2022/11/13 19:44:21 [notice] 1#1: signal 29 (SIGIO) received
2022/11/13 19:44:21 [notice] 1#1: signal 17 (SIGCHLD) received from 30
2022/11/13 19:44:21 [notice] 1#1: worker process 30 exited with code 0
2022/11/13 19:44:21 [notice] 1#1: signal 29 (SIGIO) received
2022/11/13 19:44:21 [notice] 1#1: signal 17 (SIGCHLD) received from 28
2022/11/13 19:44:21 [notice] 1#1: worker process 28 exited with code 0
2022/11/13 19:44:21 [notice] 1#1: worker process 31 exited with code 0
2022/11/13 19:44:21 [notice] 1#1: exit
2022/11/13 19:44:35 [notice] 1#1: using the "epoll" event method
2022/11/13 19:44:35 [notice] 1#1: nginx/1.23.2
2022/11/13 19:44:35 [notice] 1#1: built by gcc 10.2.1 20210110 (Debian 10.2.1-6) 
2022/11/13 19:44:35 [notice] 1#1: OS: Linux 5.15.49-linuxkit
2022/11/13 19:44:35 [notice] 1#1: getrlimit(RLIMIT_NOFILE): 1048576:1048576
2022/11/13 19:44:35 [notice] 1#1: start worker processes
2022/11/13 19:44:35 [notice] 1#1: start worker process 28
2022/11/13 19:44:35 [notice] 1#1: start worker process 29
2022/11/13 19:44:35 [notice] 1#1: start worker process 30
2022/11/13 19:44:35 [notice] 1#1: start worker process 31
2022/11/13 19:46:57 [notice] 1#1: signal 3 (SIGQUIT) received, shutting down
2022/11/13 19:46:57 [notice] 29#29: gracefully shutting down
2022/11/13 19:46:57 [notice] 29#29: exiting
2022/11/13 19:46:57 [notice] 30#30: gracefully shutting down
2022/11/13 19:46:57 [notice] 30#30: exiting
2022/11/13 19:46:57 [notice] 31#31: gracefully shutting down
2022/11/13 19:46:57 [notice] 31#31: exiting
2022/11/13 19:46:57 [notice] 28#28: gracefully shutting down
2022/11/13 19:46:57 [notice] 29#29: exit
2022/11/13 19:46:57 [notice] 30#30: exit
2022/11/13 19:46:57 [notice] 31#31: exit
2022/11/13 19:46:57 [notice] 28#28: exiting
2022/11/13 19:46:57 [notice] 28#28: exit
2022/11/13 19:46:57 [notice] 1#1: signal 17 (SIGCHLD) received from 29
2022/11/13 19:46:57 [notice] 1#1: worker process 29 exited with code 0
2022/11/13 19:46:57 [notice] 1#1: worker process 30 exited with code 0
2022/11/13 19:46:57 [notice] 1#1: signal 29 (SIGIO) received
2022/11/13 19:46:57 [notice] 1#1: signal 17 (SIGCHLD) received from 31
2022/11/13 19:46:57 [notice] 1#1: worker process 31 exited with code 0
2022/11/13 19:46:57 [notice] 1#1: signal 29 (SIGIO) received
2022/11/13 19:46:57 [notice] 1#1: signal 17 (SIGCHLD) received from 28
2022/11/13 19:46:57 [notice] 1#1: worker process 28 exited with code 0
2022/11/13 19:46:57 [notice] 1#1: exit
2022/11/13 19:46:58 [emerg] 1#1: no port in upstream "bankcat-backend" in /etc/nginx/conf.d/default.conf:22
2022/11/13 19:46:58 [emerg] 1#1: no port in upstream "bankcat-backend" in /etc/nginx/conf.d/default.conf:22
2022/11/13 19:46:59 [emerg] 1#1: no port in upstream "bankcat-backend" in /etc/nginx/conf.d/default.conf:22
2022/11/13 19:46:59 [emerg] 1#1: no port in upstream "bankcat-backend" in /etc/nginx/conf.d/default.conf:22
2022/11/13 19:47:01 [emerg] 1#1: no port in upstream "bankcat-backend" in /etc/nginx/conf.d/default.conf:22
2022/11/13 19:47:03 [emerg] 1#1: no port in upstream "bankcat-backend" in /etc/nginx/conf.d/default.conf:22
2022/11/13 19:47:06 [emerg] 1#1: no port in upstream "bankcat-backend" in /etc/nginx/conf.d/default.conf:22
2022/11/13 19:47:13 [emerg] 1#1: no port in upstream "bankcat-backend" in /etc/nginx/conf.d/default.conf:22
2022/11/13 19:47:26 [emerg] 1#1: no port in upstream "bankcat-backend" in /etc/nginx/conf.d/default.conf:22
2022/11/13 19:47:52 [emerg] 1#1: no port in upstream "bankcat-backend" in /etc/nginx/conf.d/default.conf:22
2022/11/13 19:48:44 [emerg] 1#1: no port in upstream "bankcat-backend" in /etc/nginx/conf.d/default.conf:22
2022/11/13 19:49:05 [notice] 1#1: using the "epoll" event method
2022/11/13 19:49:05 [notice] 1#1: nginx/1.23.2
2022/11/13 19:49:05 [notice] 1#1: built by gcc 10.2.1 20210110 (Debian 10.2.1-6) 
2022/11/13 19:49:05 [notice] 1#1: OS: Linux 5.15.49-linuxkit
2022/11/13 19:49:05 [notice] 1#1: getrlimit(RLIMIT_NOFILE): 1048576:1048576
2022/11/13 19:49:05 [notice] 1#1: start worker processes
2022/11/13 19:49:05 [notice] 1#1: start worker process 29
2022/11/13 19:49:05 [notice] 1#1: start worker process 30
2022/11/13 19:49:05 [notice] 1#1: start worker process 31
2022/11/13 19:49:05 [notice] 1#1: start worker process 32
2022/11/13 19:50:08 [notice] 1#1: signal 3 (SIGQUIT) received, shutting down
2022/11/13 19:50:08 [notice] 32#32: gracefully shutting down
2022/11/13 19:50:08 [notice] 32#32: exiting
2022/11/13 19:50:08 [notice] 30#30: gracefully shutting down
2022/11/13 19:50:08 [notice] 30#30: exiting
2022/11/13 19:50:08 [notice] 31#31: gracefully shutting down
2022/11/13 19:50:08 [notice] 31#31: exiting
2022/11/13 19:50:08 [notice] 29#29: gracefully shutting down
2022/11/13 19:50:08 [notice] 32#32: exit
2022/11/13 19:50:08 [notice] 30#30: exit
2022/11/13 19:50:08 [notice] 31#31: exit
2022/11/13 19:50:08 [notice] 29#29: exiting
2022/11/13 19:50:08 [notice] 29#29: exit
2022/11/13 19:50:08 [notice] 1#1: signal 17 (SIGCHLD) received from 32
2022/11/13 19:50:08 [notice] 1#1: worker process 32 exited with code 0
2022/11/13 19:50:08 [notice] 1#1: signal 29 (SIGIO) received
2022/11/13 19:50:08 [notice] 1#1: signal 17 (SIGCHLD) received from 31
2022/11/13 19:50:08 [notice] 1#1: worker process 30 exited with code 0
2022/11/13 19:50:08 [notice] 1#1: worker process 31 exited with code 0
2022/11/13 19:50:08 [notice] 1#1: signal 29 (SIGIO) received
2022/11/13 19:50:08 [notice] 1#1: signal 17 (SIGCHLD) received from 29
2022/11/13 19:50:08 [notice] 1#1: worker process 29 exited with code 0
2022/11/13 19:50:08 [notice] 1#1: exit
2022/11/13 19:58:10 [notice] 1#1: using the "epoll" event method
2022/11/13 19:58:10 [notice] 1#1: nginx/1.23.2
2022/11/13 19:58:10 [notice] 1#1: built by gcc 10.2.1 20210110 (Debian 10.2.1-6) 
2022/11/13 19:58:10 [notice] 1#1: OS: Linux 5.15.49-linuxkit
2022/11/13 19:58:10 [notice] 1#1: getrlimit(RLIMIT_NOFILE): 1048576:1048576
2022/11/13 19:58:10 [notice] 1#1: start worker processes
2022/11/13 19:58:10 [notice] 1#1: start worker process 28
2022/11/13 19:58:10 [notice] 1#1: start worker process 29
2022/11/13 19:58:10 [notice] 1#1: start worker process 30
2022/11/13 19:58:10 [notice] 1#1: start worker process 31
2022/11/13 20:14:19 [notice] 1#1: signal 3 (SIGQUIT) received, shutting down
2022/11/13 20:14:19 [notice] 28#28: gracefully shutting down
2022/11/13 20:14:19 [notice] 28#28: exiting
2022/11/13 20:14:19 [notice] 30#30: gracefully shutting down
2022/11/13 20:14:19 [notice] 30#30: exiting
2022/11/13 20:14:19 [notice] 29#29: gracefully shutting down
2022/11/13 20:14:19 [notice] 29#29: exiting
2022/11/13 20:14:19 [notice] 31#31: gracefully shutting down
2022/11/13 20:14:19 [notice] 31#31: exiting
2022/11/13 20:14:19 [notice] 28#28: exit
2022/11/13 20:14:19 [notice] 30#30: exit
2022/11/13 20:14:19 [notice] 29#29: exit
2022/11/13 20:14:19 [notice] 31#31: exit
2022/11/13 20:14:19 [notice] 1#1: signal 17 (SIGCHLD) received from 30
2022/11/13 20:14:19 [notice] 1#1: worker process 28 exited with code 0
2022/11/13 20:14:19 [notice] 1#1: worker process 30 exited with code 0
2022/11/13 20:14:19 [notice] 1#1: signal 29 (SIGIO) received
2022/11/13 20:14:19 [notice] 1#1: signal 17 (SIGCHLD) received from 29
2022/11/13 20:14:19 [notice] 1#1: worker process 29 exited with code 0
2022/11/13 20:14:19 [notice] 1#1: signal 29 (SIGIO) received
2022/11/13 20:14:19 [notice] 1#1: signal 17 (SIGCHLD) received from 31
2022/11/13 20:14:19 [notice] 1#1: worker process 31 exited with code 0
2022/11/13 20:14:19 [notice] 1#1: exit
2022/11/13 20:14:20 [notice] 1#1: using the "epoll" event method
2022/11/13 20:14:20 [notice] 1#1: nginx/1.23.2
2022/11/13 20:14:20 [notice] 1#1: built by gcc 10.2.1 20210110 (Debian 10.2.1-6) 
2022/11/13 20:14:20 [notice] 1#1: OS: Linux 5.15.49-linuxkit
2022/11/13 20:14:20 [notice] 1#1: getrlimit(RLIMIT_NOFILE): 1048576:1048576
2022/11/13 20:14:20 [notice] 1#1: start worker processes
2022/11/13 20:14:20 [notice] 1#1: start worker process 28
2022/11/13 20:14:20 [notice] 1#1: start worker process 29
2022/11/13 20:14:20 [notice] 1#1: start worker process 30
2022/11/13 20:14:20 [notice] 1#1: start worker process 31
2022/11/13 20:15:40 [notice] 1#1: signal 3 (SIGQUIT) received, shutting down
2022/11/13 20:15:40 [notice] 30#30: gracefully shutting down
2022/11/13 20:15:40 [notice] 30#30: exiting
2022/11/13 20:15:40 [notice] 29#29: gracefully shutting down
2022/11/13 20:15:40 [notice] 29#29: exiting
2022/11/13 20:15:40 [notice] 31#31: gracefully shutting down
2022/11/13 20:15:40 [notice] 28#28: gracefully shutting down
2022/11/13 20:15:40 [notice] 28#28: exiting
2022/11/13 20:15:40 [notice] 30#30: exit
2022/11/13 20:15:40 [notice] 29#29: exit
2022/11/13 20:15:40 [notice] 31#31: exiting
2022/11/13 20:15:40 [notice] 28#28: exit
2022/11/13 20:15:40 [notice] 31#31: exit
2022/11/13 20:15:40 [notice] 1#1: signal 17 (SIGCHLD) received from 30
2022/11/13 20:15:40 [notice] 1#1: worker process 30 exited with code 0
2022/11/13 20:15:40 [notice] 1#1: signal 29 (SIGIO) received
2022/11/13 20:15:40 [notice] 1#1: signal 17 (SIGCHLD) received from 29
2022/11/13 20:15:40 [notice] 1#1: worker process 29 exited with code 0
2022/11/13 20:15:40 [notice] 1#1: signal 29 (SIGIO) received
2022/11/13 20:15:40 [notice] 1#1: signal 17 (SIGCHLD) received from 28
2022/11/13 20:15:40 [notice] 1#1: worker process 28 exited with code 0
2022/11/13 20:15:40 [notice] 1#1: worker process 31 exited with code 0
2022/11/13 20:15:40 [notice] 1#1: exit
2022/11/13 20:15:42 [notice] 1#1: using the "epoll" event method
2022/11/13 20:15:42 [notice] 1#1: nginx/1.23.2
2022/11/13 20:15:42 [notice] 1#1: built by gcc 10.2.1 20210110 (Debian 10.2.1-6) 
2022/11/13 20:15:42 [notice] 1#1: OS: Linux 5.15.49-linuxkit
2022/11/13 20:15:42 [notice] 1#1: getrlimit(RLIMIT_NOFILE): 1048576:1048576
2022/11/13 20:15:42 [notice] 1#1: start worker processes
2022/11/13 20:15:42 [notice] 1#1: start worker process 28
2022/11/13 20:15:42 [notice] 1#1: start worker process 29
2022/11/13 20:15:42 [notice] 1#1: start worker process 30
2022/11/13 20:15:42 [notice] 1#1: start worker process 31
2022/11/13 20:24:13 [notice] 1#1: signal 3 (SIGQUIT) received, shutting down
2022/11/13 20:24:13 [notice] 30#30: gracefully shutting down
2022/11/13 20:24:13 [notice] 30#30: exiting
2022/11/13 20:24:13 [notice] 29#29: gracefully shutting down
2022/11/13 20:24:13 [notice] 29#29: exiting
2022/11/13 20:24:13 [notice] 28#28: gracefully shutting down
2022/11/13 20:24:13 [notice] 31#31: gracefully shutting down
2022/11/13 20:24:13 [notice] 31#31: exiting
2022/11/13 20:24:13 [notice] 30#30: exit
2022/11/13 20:24:13 [notice] 29#29: exit
2022/11/13 20:24:13 [notice] 28#28: exiting
2022/11/13 20:24:13 [notice] 31#31: exit
2022/11/13 20:24:13 [notice] 28#28: exit
2022/11/13 20:24:13 [notice] 1#1: signal 17 (SIGCHLD) received from 30
2022/11/13 20:24:13 [notice] 1#1: worker process 30 exited with code 0
2022/11/13 20:24:13 [notice] 1#1: signal 17 (SIGCHLD) received from 29
2022/11/13 20:24:13 [notice] 1#1: worker process 29 exited with code 0
2022/11/13 20:24:13 [notice] 1#1: signal 29 (SIGIO) received
2022/11/13 20:24:13 [notice] 1#1: signal 29 (SIGIO) received
2022/11/13 20:24:13 [notice] 1#1: signal 17 (SIGCHLD) received from 31
2022/11/13 20:24:13 [notice] 1#1: worker process 31 exited with code 0
2022/11/13 20:24:13 [notice] 1#1: signal 29 (SIGIO) received
2022/11/13 20:24:13 [notice] 1#1: signal 17 (SIGCHLD) received from 28
2022/11/13 20:24:13 [notice] 1#1: worker process 28 exited with code 0
2022/11/13 20:24:13 [notice] 1#1: exit
2022/11/13 20:26:08 [notice] 1#1: using the "epoll" event method
2022/11/13 20:26:08 [notice] 1#1: nginx/1.23.2
2022/11/13 20:26:08 [notice] 1#1: built by gcc 10.2.1 20210110 (Debian 10.2.1-6) 
2022/11/13 20:26:08 [notice] 1#1: OS: Linux 5.15.49-linuxkit
2022/11/13 20:26:08 [notice] 1#1: getrlimit(RLIMIT_NOFILE): 1048576:1048576
2022/11/13 20:26:08 [notice] 1#1: start worker processes
2022/11/13 20:26:08 [notice] 1#1: start worker process 28
2022/11/13 20:26:08 [notice] 1#1: start worker process 29
2022/11/13 20:26:08 [notice] 1#1: start worker process 30
2022/11/13 20:26:08 [notice] 1#1: start worker process 31
2022/11/13 20:26:14 [notice] 1#1: signal 3 (SIGQUIT) received, shutting down
2022/11/13 20:26:14 [notice] 29#29: gracefully shutting down
2022/11/13 20:26:14 [notice] 29#29: exiting
2022/11/13 20:26:14 [notice] 30#30: gracefully shutting down
2022/11/13 20:26:14 [notice] 30#30: exiting
2022/11/13 20:26:14 [notice] 31#31: gracefully shutting down
2022/11/13 20:26:14 [notice] 31#31: exiting
2022/11/13 20:26:14 [notice] 28#28: gracefully shutting down
2022/11/13 20:26:14 [notice] 29#29: exit
2022/11/13 20:26:14 [notice] 30#30: exit
2022/11/13 20:26:14 [notice] 31#31: exit
2022/11/13 20:26:14 [notice] 28#28: exiting
2022/11/13 20:26:14 [notice] 28#28: exit
2022/11/13 20:26:14 [notice] 1#1: signal 17 (SIGCHLD) received from 30
2022/11/13 20:26:14 [notice] 1#1: worker process 30 exited with code 0
2022/11/13 20:26:14 [notice] 1#1: signal 29 (SIGIO) received
2022/11/13 20:26:14 [notice] 1#1: signal 17 (SIGCHLD) received from 29
2022/11/13 20:26:14 [notice] 1#1: worker process 29 exited with code 0
2022/11/13 20:26:14 [notice] 1#1: signal 29 (SIGIO) received
2022/11/13 20:26:14 [notice] 1#1: signal 17 (SIGCHLD) received from 31
2022/11/13 20:26:14 [notice] 1#1: worker process 31 exited with code 0
2022/11/13 20:26:14 [notice] 1#1: signal 29 (SIGIO) received
2022/11/13 20:26:14 [notice] 1#1: signal 17 (SIGCHLD) received from 28
2022/11/13 20:26:14 [notice] 1#1: worker process 28 exited with code 0
2022/11/13 20:26:14 [notice] 1#1: exit
2022/11/13 21:20:41 [emerg] 1#1: host not found in upstream "bankcat-backend:9000" in /etc/nginx/conf.d/default.conf:2
2022/11/13 21:20:42 [emerg] 1#1: host not found in upstream "bankcat-backend:9000" in /etc/nginx/conf.d/default.conf:2
2022/11/13 21:20:43 [emerg] 1#1: host not found in upstream "bankcat-backend:9000" in /etc/nginx/conf.d/default.conf:2
2022/11/13 21:20:43 [emerg] 1#1: host not found in upstream "bankcat-backend:9000" in /etc/nginx/conf.d/default.conf:2
2022/11/13 21:20:45 [emerg] 1#1: host not found in upstream "bankcat-backend:9000" in /etc/nginx/conf.d/default.conf:2
2022/11/13 21:20:47 [emerg] 1#1: host not found in upstream "bankcat-backend:9000" in /etc/nginx/conf.d/default.conf:2
2022/11/13 21:20:50 [emerg] 1#1: host not found in upstream "bankcat-backend:9000" in /etc/nginx/conf.d/default.conf:2
2022/11/13 21:20:57 [emerg] 1#1: host not found in upstream "bankcat-backend:9000" in /etc/nginx/conf.d/default.conf:2
2022/11/13 21:21:10 [emerg] 1#1: host not found in upstream "bankcat-backend:9000" in /etc/nginx/conf.d/default.conf:2
2022/11/13 21:21:42 [emerg] 1#1: host not found in upstream "bankcat-backend:9000" in /etc/nginx/conf.d/default.conf:2
2022/11/13 21:21:42 [emerg] 1#1: host not found in upstream "bankcat-backend:9000" in /etc/nginx/conf.d/default.conf:2
2022/11/13 21:21:43 [emerg] 1#1: host not found in upstream "bankcat-backend:9000" in /etc/nginx/conf.d/default.conf:2
2022/11/13 21:21:44 [emerg] 1#1: host not found in upstream "bankcat-backend:9000" in /etc/nginx/conf.d/default.conf:2
2022/11/13 21:21:45 [emerg] 1#1: host not found in upstream "bankcat-backend:9000" in /etc/nginx/conf.d/default.conf:2
2022/11/13 21:21:47 [emerg] 1#1: host not found in upstream "bankcat-backend:9000" in /etc/nginx/conf.d/default.conf:2
2022/11/13 21:21:51 [emerg] 1#1: host not found in upstream "bankcat-backend:9000" in /etc/nginx/conf.d/default.conf:2
2022/11/13 21:21:58 [emerg] 1#1: host not found in upstream "bankcat-backend:9000" in /etc/nginx/conf.d/default.conf:2
2022/11/13 21:22:11 [emerg] 1#1: host not found in upstream "bankcat-backend:9000" in /etc/nginx/conf.d/default.conf:2
2022/11/13 21:22:37 [emerg] 1#1: host not found in upstream "bankcat-backend:9000" in /etc/nginx/conf.d/default.conf:2
2022/11/13 21:24:45 [notice] 1#1: using the "epoll" event method
2022/11/13 21:24:45 [notice] 1#1: nginx/1.23.2
2022/11/13 21:24:45 [notice] 1#1: built by gcc 10.2.1 20210110 (Debian 10.2.1-6) 
2022/11/13 21:24:45 [notice] 1#1: OS: Linux 5.15.49-linuxkit
2022/11/13 21:24:45 [notice] 1#1: getrlimit(RLIMIT_NOFILE): 1048576:1048576
2022/11/13 21:24:45 [notice] 1#1: start worker processes
2022/11/13 21:24:45 [notice] 1#1: start worker process 28
2022/11/13 21:24:45 [notice] 1#1: start worker process 29
2022/11/13 21:24:45 [notice] 1#1: start worker process 30
2022/11/13 21:24:45 [notice] 1#1: start worker process 31
2022/11/13 21:25:40 [notice] 1#1: signal 3 (SIGQUIT) received, shutting down
2022/11/13 21:25:40 [notice] 31#31: gracefully shutting down
2022/11/13 21:25:40 [notice] 29#29: gracefully shutting down
2022/11/13 21:25:40 [notice] 30#30: gracefully shutting down
2022/11/13 21:25:40 [notice] 30#30: exiting
2022/11/13 21:25:40 [notice] 28#28: gracefully shutting down
2022/11/13 21:25:40 [notice] 28#28: exiting
2022/11/13 21:25:40 [notice] 31#31: exiting
2022/11/13 21:25:40 [notice] 29#29: exiting
2022/11/13 21:25:40 [notice] 30#30: exit
2022/11/13 21:25:40 [notice] 28#28: exit
2022/11/13 21:25:40 [notice] 31#31: exit
2022/11/13 21:25:40 [notice] 29#29: exit
2022/11/13 21:25:40 [notice] 1#1: signal 17 (SIGCHLD) received from 30
2022/11/13 21:25:40 [notice] 1#1: worker process 30 exited with code 0
2022/11/13 21:25:40 [notice] 1#1: worker process 28 exited with code 0
2022/11/13 21:25:40 [notice] 1#1: signal 29 (SIGIO) received
2022/11/13 21:25:40 [notice] 1#1: signal 17 (SIGCHLD) received from 28
2022/11/13 21:25:40 [notice] 1#1: signal 17 (SIGCHLD) received from 31
2022/11/13 21:25:40 [notice] 1#1: worker process 29 exited with code 0
2022/11/13 21:25:40 [notice] 1#1: worker process 31 exited with code 0
2022/11/13 21:25:40 [notice] 1#1: exit
